--------------------------------------------------------------------------------
JobId          : LAPTOP-TB2LTRAP-0-68c72f32
Name           : LIGPREP_FLUEXETINE
Program        : LigPrep
Version        : 2023-1 build 128
Host           : LAPTOP-TB2LTRAP
Dir            : C:\Users\sammi\Documents\Schrodinger\LIGPREP_FLUEXETINE
HostEntry      : localhost
JobHost        : LAPTOP-TB2LTRAP
JobDir         : C:\Users\sammi\AppData\Local\Schrodinger\tmp\LIGPREP_FLUEXETINE
JobSchrodinger : C:\Program Files\Schrodinger2023-1
Commandline    : C:\Program Files\Schrodinger2023-1\ligprep.exe -inp LIGPREP_FLUEXETINE.inp -HOST localhost:1 -NJOBS 1 -PROJ C:\Users\sammi\AppData\Local\Schrodinger\tmp\Tmp_14Sep2025_2103_52122 -DISP append -VIEWNAME ligprep_gui.LigPrepPanel -TMPLAUNCHDIR
StartTime      : 2025-09-14-21:10:14
--------------------------------------------------------------------------------
LigPrep (version 65128). Copyright Schrodinger, LLC. All rights reserved.

LigPrep command:
$SCHRODINGER/ligprep -ma 500 -bff 16 -epik -ac -s 32 -isd LIGPREP_FLUEXETINE.sdf -omae LIGPREP_FLUEXETINE-out.maegz

Processing steps:
$DO.sdconvert_in -bad -orig_file_index 0 -orig_file LIGPREP_FLUEXETINE.sdf LIGPREP_FLUEXETINE.sdf
$DO.htreat -t All-None -a all -s -l 500 <infile.mae> <outfile.mae>
$DO.desalter <infile.mae> <outfile.mae>
$DO.neutralizer -m 500 <infile.mae> <outfile.mae>
$DO.guard <infile.mae> <outfile.mae>
$DO.epik.py -ph 7.0 -tn 8 -ma 500 -imae <infile.mae> -omae <outfile.mae>
$DO.stereoizer -label_specified_chiralities -n 32 -a <infile.mae> <outfile.mae>
$DO.cgx -optimize -ffld 16 -epsilon 10.0 <infile.mae> <outfile.mae>
$DO.filterstereo -max_stereo 32 <infile.mae> <outfile.mae>

DO=$SCHRODINGER\run python3 -m schrodinger.application.macromodel.packages.ligprep3

# counts of output and dropped structures after processing steps
# index  htreat  desalt  neutra   guard   epik   stereo    cgx   filter  title
       1   1/0     1/0     1/0     1/0     1/0     2/0     2/0     2/0   '3386'

# of processed structures in "LIGPREP_FLUEXETINE-out.maegz" : 2
# of dropped structures in "LIGPREP_FLUEXETINE-dropped.sdf" : 0

backend run time: 0 hours 0 minutes 6.484 seconds
